2025-10-22 04:46:55,551 [INFO] 
===== Fetching data for 2021 =====
2025-10-22 04:46:55,552 [INFO] Fetching stock data for VISA Inc. (V)...
2025-10-22 04:46:57,314 [INFO] Successfully fetched 251 records.
2025-10-22 04:46:57,314 [INFO] Fetching finance-related news for VISA Inc. (V)...
2025-10-22 05:05:53,181 [ERROR] Network error fetching 2021-03-31: HTTPSConnectionPool(host='api.gdeltproject.org', port=443): Read timed out. (read timeout=15)
2025-10-22 05:07:15,313 [ERROR] Network error fetching 2021-04-03: HTTPSConnectionPool(host='api.gdeltproject.org', port=443): Read timed out. (read timeout=15)
2025-10-22 06:00:56,555 [ERROR] Network error fetching 2021-12-20: HTTPSConnectionPool(host='api.gdeltproject.org', port=443): Read timed out. (read timeout=15)
2025-10-22 06:04:20,138 [INFO] Retrieved 268 days of news for VISA Inc..
2025-10-22 06:04:20,138 [INFO] Merging stock and news data...
2025-10-22 06:04:20,170 [INFO] Year 2021 saved to 'V_stock_gdelt_final.csv'
2025-10-22 06:04:20,170 [INFO] 
===== Fetching data for 2022 =====
2025-10-22 06:04:20,170 [INFO] Fetching stock data for VISA Inc. (V)...
2025-10-22 06:04:21,111 [INFO] Successfully fetched 251 records.
2025-10-22 06:04:21,112 [INFO] Fetching finance-related news for VISA Inc. (V)...
2025-10-22 07:17:39,370 [INFO] Retrieved 254 days of news for VISA Inc..
2025-10-22 07:17:39,376 [INFO] Merging stock and news data...
2025-10-22 07:17:39,390 [INFO] Year 2022 saved to 'V_stock_gdelt_final.csv'
2025-10-22 07:17:39,390 [INFO] 
===== Fetching data for 2023 =====
2025-10-22 07:17:39,390 [INFO] Fetching stock data for VISA Inc. (V)...
2025-10-22 07:17:41,696 [INFO] Successfully fetched 250 records.
2025-10-22 07:17:41,696 [INFO] Fetching finance-related news for VISA Inc. (V)...
2025-10-22 07:48:50,327 [ERROR] Non-JSON response on 2023-06-07: {"articles": [ { "url": "https://www.zawya.com/en/business/travel-and-tourism/travel-to-uk-to-get-cheaper-easier-for-uae-gcc-and-jordanian-visitors-mnrh3kyp", "url_mobile": "https://www.zawya.com/en/b
2025-10-22 08:30:39,819 [INFO] Retrieved 296 days of news for VISA Inc..
2025-10-22 08:30:39,823 [INFO] Merging stock and news data...
2025-10-22 08:30:39,838 [INFO] Year 2023 saved to 'V_stock_gdelt_final.csv'
2025-10-22 08:30:39,838 [INFO] 
===== Fetching data for 2024 =====
2025-10-22 08:30:39,838 [INFO] Fetching stock data for VISA Inc. (V)...
2025-10-22 08:30:42,326 [INFO] Successfully fetched 251 records.
2025-10-22 08:30:42,327 [INFO] Fetching finance-related news for VISA Inc. (V)...
2025-10-22 08:39:22,660 [ERROR] Network error fetching 2024-02-10: HTTPSConnectionPool(host='api.gdeltproject.org', port=443): Read timed out. (read timeout=15)
2025-10-22 09:44:51,780 [INFO] Retrieved 343 days of news for VISA Inc..
2025-10-22 09:44:51,785 [INFO] Merging stock and news data...
2025-10-22 09:44:51,801 [INFO] Year 2024 saved to 'V_stock_gdelt_final.csv'
